# JRE version: OpenJDK Runtime Environment Temurin-17.0.13+11 (17.0.13+11) (build 17.0.13+11)
# Java VM: OpenJDK 64-Bit Server VM Temurin-17.0.13+11 (17.0.13+11, mixed mode, tiered, compressed oops, compressed class ptrs, parallel gc, windows-amd64)
GC Precious Log:
 CPUs: 8 total, 8 available
 Memory: 8029M
 Large Page Support: Disabled
 NUMA Support: Disabled
 Compressed Oops: Enabled (32-bit)
 Alignments: Space 512K, Generation 512K, Heap 2M
 Heap Min Capacity: 100M
 Heap Initial Capacity: 100M
 Heap Max Capacity: 1G
 Pre-touch: Disabled
 Parallel Workers: 8
Heap:
 PSYoungGen      total 3584K, used 2680K [0x00000000eab00000, 0x00000000eb200000, 0x0000000100000000)
  eden space 3072K, 75% used [0x00000000eab00000,0x00000000ead46350,0x00000000eae00000)
  from space 512K, 68% used [0x00000000eb100000,0x00000000eb158000,0x00000000eb180000)
  to   space 512K, 0% used [0x00000000eb180000,0x00000000eb180000,0x00000000eb200000)
 ParOldGen       total 208896K, used 184020K [0x00000000c0000000, 0x00000000ccc00000, 0x00000000eab00000)
  object space 208896K, 88% used [0x00000000c0000000,0x00000000cb3b52b0,0x00000000ccc00000)
 Metaspace       used 77467K, committed 78592K, reserved 1179648K
  class space    used 9334K, committed 9856K, reserved 1048576K
GC Heap History (20 events):
Event: 52.026 GC heap before
{Heap before GC invocations=392 (full 13):
 PSYoungGen      total 5632K, used 4268K [0x00000000eab00000, 0x00000000eb380000, 0x0000000100000000)
  eden space 2048K, 100% used [0x00000000eab00000,0x00000000ead00000,0x00000000ead00000)
  from space 3584K, 61% used [0x00000000ead00000,0x00000000eaf2b0d0,0x00000000eb080000)
  to   space 3072K, 0% used [0x00000000eb080000,0x00000000eb080000,0x00000000eb380000)
 ParOldGen       total 208896K, used 176637K [0x00000000c0000000, 0x00000000ccc00000, 0x00000000eab00000)
  object space 208896K, 84% used [0x00000000c0000000,0x00000000cac7f760,0x00000000ccc00000)
 Metaspace       used 75990K, committed 77120K, reserved 1179648K
  class space    used 9162K, committed 9664K, reserved 1048576K
}
Event: 52.028 GC heap after
{Heap after GC invocations=392 (full 13):
 PSYoungGen      total 5632K, used 2584K [0x00000000eab00000, 0x00000000eb380000, 0x0000000100000000)
  eden space 2560K, 0% used [0x00000000eab00000,0x00000000eab00000,0x00000000ead80000)
  from space 3072K, 84% used [0x00000000eb080000,0x00000000eb306280,0x00000000eb380000)
  to   space 3072K, 0% used [0x00000000ead80000,0x00000000ead80000,0x00000000eb080000)
 ParOldGen       total 208896K, used 177268K [0x00000000c0000000, 0x00000000ccc00000, 0x00000000eab00000)
  object space 208896K, 84% used [0x00000000c0000000,0x00000000cad1d330,0x00000000ccc00000)
 Metaspace       used 75990K, committed 77120K, reserved 1179648K
  class space    used 9162K, committed 9664K, reserved 1048576K
}
Event: 52.043 GC heap before
{Heap before GC invocations=393 (full 13):
 PSYoungGen      total 5632K, used 5144K [0x00000000eab00000, 0x00000000eb380000, 0x0000000100000000)
  eden space 2560K, 100% used [0x00000000eab00000,0x00000000ead80000,0x00000000ead80000)
  from space 3072K, 84% used [0x00000000eb080000,0x00000000eb306280,0x00000000eb380000)
  to   space 3072K, 0% used [0x00000000ead80000,0x00000000ead80000,0x00000000eb080000)
 ParOldGen       total 208896K, used 177268K [0x00000000c0000000, 0x00000000ccc00000, 0x00000000eab00000)
  object space 208896K, 84% used [0x00000000c0000000,0x00000000cad1d330,0x00000000ccc00000)
 Metaspace       used 76054K, committed 77184K, reserved 1179648K
  class space    used 9173K, committed 9664K, reserved 1048576K
}
Event: 52.046 GC heap after
{Heap after GC invocations=393 (full 13):
 PSYoungGen      total 5632K, used 3064K [0x00000000eab00000, 0x00000000eb800000, 0x0000000100000000)
  eden space 2560K, 0% used [0x00000000eab00000,0x00000000eab00000,0x00000000ead80000)
  from space 3072K, 99% used [0x00000000ead80000,0x00000000eb07e280,0x00000000eb080000)
  to   space 5120K, 0% used [0x00000000eb300000,0x00000000eb300000,0x00000000eb800000)
 ParOldGen       total 208896K, used 178540K [0x00000000c0000000, 0x00000000ccc00000, 0x00000000eab00000)
  object space 208896K, 85% used [0x00000000c0000000,0x00000000cae5b330,0x00000000ccc00000)
 Metaspace       used 76054K, committed 77184K, reserved 1179648K
  class space    used 9173K, committed 9664K, reserved 1048576K
}
Event: 52.071 GC heap before
{Heap before GC invocations=394 (full 13):
 PSYoungGen      total 5632K, used 5624K [0x00000000eab00000, 0x00000000eb800000, 0x0000000100000000)
  eden space 2560K, 100% used [0x00000000eab00000,0x00000000ead80000,0x00000000ead80000)
  from space 3072K, 99% used [0x00000000ead80000,0x00000000eb07e280,0x00000000eb080000)
  to   space 5120K, 0% used [0x00000000eb300000,0x00000000eb300000,0x00000000eb800000)
 ParOldGen       total 208896K, used 178540K [0x00000000c0000000, 0x00000000ccc00000, 0x00000000eab00000)
  object space 208896K, 85% used [0x00000000c0000000,0x00000000cae5b330,0x00000000ccc00000)
 Metaspace       used 76112K, committed 77184K, reserved 1179648K
  class space    used 9179K, committed 9664K, reserved 1048576K
}
Event: 52.074 GC heap after
{Heap after GC invocations=394 (full 13):
 PSYoungGen      total 5120K, used 1848K [0x00000000eab00000, 0x00000000eb500000, 0x0000000100000000)
  eden space 3072K, 0% used [0x00000000eab00000,0x00000000eab00000,0x00000000eae00000)
  from space 2048K, 90% used [0x00000000eb300000,0x00000000eb4ce398,0x00000000eb500000)
  to   space 3072K, 0% used [0x00000000eaf00000,0x00000000eaf00000,0x00000000eb200000)
 ParOldGen       total 208896K, used 181520K [0x00000000c0000000, 0x00000000ccc00000, 0x00000000eab00000)
  object space 208896K, 86% used [0x00000000c0000000,0x00000000cb144168,0x00000000ccc00000)
 Metaspace       used 76112K, committed 77184K, reserved 1179648K
  class space    used 9179K, committed 9664K, reserved 1048576K
}
Event: 52.123 GC heap before
{Heap before GC invocations=395 (full 13):
 PSYoungGen      total 5120K, used 4913K [0x00000000eab00000, 0x00000000eb500000, 0x0000000100000000)
  eden space 3072K, 99% used [0x00000000eab00000,0x00000000eadfe308,0x00000000eae00000)
  from space 2048K, 90% used [0x00000000eb300000,0x00000000eb4ce398,0x00000000eb500000)
  to   space 3072K, 0% used [0x00000000eaf00000,0x00000000eaf00000,0x00000000eb200000)
 ParOldGen       total 208896K, used 181520K [0x00000000c0000000, 0x00000000ccc00000, 0x00000000eab00000)
  object space 208896K, 86% used [0x00000000c0000000,0x00000000cb144168,0x00000000ccc00000)
 Metaspace       used 76117K, committed 77184K, reserved 1179648K
  class space    used 9180K, committed 9664K, reserved 1048576K
}
Event: 52.127 GC heap after
{Heap after GC invocations=395 (full 13):
 PSYoungGen      total 6144K, used 1008K [0x00000000eab00000, 0x00000000eb380000, 0x0000000100000000)
  eden space 3072K, 0% used [0x00000000eab00000,0x00000000eab00000,0x00000000eae00000)
  from space 3072K, 32% used [0x00000000eaf00000,0x00000000eaffc320,0x00000000eb200000)
  to   space 1536K, 0% used [0x00000000eb200000,0x00000000eb200000,0x00000000eb380000)
 ParOldGen       total 208896K, used 182163K [0x00000000c0000000, 0x00000000ccc00000, 0x00000000eab00000)
  object space 208896K, 87% used [0x00000000c0000000,0x00000000cb1e4f78,0x00000000ccc00000)
 Metaspace       used 76117K, committed 77184K, reserved 1179648K
  class space    used 9180K, committed 9664K, reserved 1048576K
}
Event: 55.145 GC heap before
{Heap before GC invocations=396 (full 13):
 PSYoungGen      total 6144K, used 4080K [0x00000000eab00000, 0x00000000eb380000, 0x0000000100000000)
  eden space 3072K, 100% used [0x00000000eab00000,0x00000000eae00000,0x00000000eae00000)
  from space 3072K, 32% used [0x00000000eaf00000,0x00000000eaffc320,0x00000000eb200000)
  to   space 1536K, 0% used [0x00000000eb200000,0x00000000eb200000,0x00000000eb380000)
 ParOldGen       total 208896K, used 182163K [0x00000000c0000000, 0x00000000ccc00000, 0x00000000eab00000)
  object space 208896K, 87% used [0x00000000c0000000,0x00000000cb1e4f78,0x00000000ccc00000)
 Metaspace       used 76270K, committed 77440K, reserved 1179648K
  class space    used 9197K, committed 9728K, reserved 1048576K
}
Event: 55.146 GC heap after
{Heap after GC invocations=396 (full 13):
 PSYoungGen      total 4096K, used 808K [0x00000000eab00000, 0x00000000eb300000, 0x0000000100000000)
  eden space 3072K, 0% used [0x00000000eab00000,0x00000000eab00000,0x00000000eae00000)
  from space 1024K, 78% used [0x00000000eb200000,0x00000000eb2ca018,0x00000000eb300000)
  to   space 1024K, 0% used [0x00000000eb100000,0x00000000eb100000,0x00000000eb200000)
 ParOldGen       total 208896K, used 182896K [0x00000000c0000000, 0x00000000ccc00000, 0x00000000eab00000)
  object space 208896K, 87% used [0x00000000c0000000,0x00000000cb29c288,0x00000000ccc00000)
 Metaspace       used 76270K, committed 77440K, reserved 1179648K
  class space    used 9197K, committed 9728K, reserved 1048576K
}
Event: 55.227 GC heap before
{Heap before GC invocations=397 (full 13):
 PSYoungGen      total 4096K, used 3880K [0x00000000eab00000, 0x00000000eb300000, 0x0000000100000000)
  eden space 3072K, 100% used [0x00000000eab00000,0x00000000eae00000,0x00000000eae00000)
  from space 1024K, 78% used [0x00000000eb200000,0x00000000eb2ca018,0x00000000eb300000)
  to   space 1024K, 0% used [0x00000000eb100000,0x00000000eb100000,0x00000000eb200000)
 ParOldGen       total 208896K, used 182896K [0x00000000c0000000, 0x00000000ccc00000, 0x00000000eab00000)
  object space 208896K, 87% used [0x00000000c0000000,0x00000000cb29c288,0x00000000ccc00000)
 Metaspace       used 76805K, committed 77824K, reserved 1179648K
  class space    used 9268K, committed 9728K, reserved 1048576K
}
Event: 55.228 GC heap after
{Heap after GC invocations=397 (full 13):
 PSYoungGen      total 3584K, used 416K [0x00000000eab00000, 0x00000000eb280000, 0x0000000100000000)
  eden space 3072K, 0% used [0x00000000eab00000,0x00000000eab00000,0x00000000eae00000)
  from space 512K, 81% used [0x00000000eb100000,0x00000000eb168000,0x00000000eb180000)
  to   space 1024K, 0% used [0x00000000eb180000,0x00000000eb180000,0x00000000eb280000)
 ParOldGen       total 208896K, used 183648K [0x00000000c0000000, 0x00000000ccc00000, 0x00000000eab00000)
  object space 208896K, 87% used [0x00000000c0000000,0x00000000cb3582a0,0x00000000ccc00000)
 Metaspace       used 76805K, committed 77824K, reserved 1179648K
  class space    used 9268K, committed 9728K, reserved 1048576K
}
Event: 61.741 GC heap before
{Heap before GC invocations=398 (full 13):
 PSYoungGen      total 3584K, used 3488K [0x00000000eab00000, 0x00000000eb280000, 0x0000000100000000)
  eden space 3072K, 100% used [0x00000000eab00000,0x00000000eae00000,0x00000000eae00000)
  from space 512K, 81% used [0x00000000eb100000,0x00000000eb168000,0x00000000eb180000)
  to   space 1024K, 0% used [0x00000000eb180000,0x00000000eb180000,0x00000000eb280000)
 ParOldGen       total 208896K, used 183648K [0x00000000c0000000, 0x00000000ccc00000, 0x00000000eab00000)
  object space 208896K, 87% used [0x00000000c0000000,0x00000000cb3582a0,0x00000000ccc00000)
 Metaspace       used 77111K, committed 78272K, reserved 1179648K
  class space    used 9295K, committed 9792K, reserved 1048576K
}
Event: 61.742 GC heap after
{Heap after GC invocations=398 (full 13):
 PSYoungGen      total 3584K, used 224K [0x00000000eab00000, 0x00000000eb200000, 0x0000000100000000)
  eden space 3072K, 0% used [0x00000000eab00000,0x00000000eab00000,0x00000000eae00000)
  from space 512K, 43% used [0x00000000eb180000,0x00000000eb1b8000,0x00000000eb200000)
  to   space 512K, 0% used [0x00000000eb100000,0x00000000eb100000,0x00000000eb180000)
 ParOldGen       total 208896K, used 183996K [0x00000000c0000000, 0x00000000ccc00000, 0x00000000eab00000)
  object space 208896K, 88% used [0x00000000c0000000,0x00000000cb3af2b0,0x00000000ccc00000)
 Metaspace       used 77111K, committed 78272K, reserved 1179648K
  class space    used 9295K, committed 9792K, reserved 1048576K
}
Event: 62.866 GC heap before
{Heap before GC invocations=399 (full 13):
 PSYoungGen      total 3584K, used 3296K [0x00000000eab00000, 0x00000000eb200000, 0x0000000100000000)
  eden space 3072K, 100% used [0x00000000eab00000,0x00000000eae00000,0x00000000eae00000)
  from space 512K, 43% used [0x00000000eb180000,0x00000000eb1b8000,0x00000000eb200000)
  to   space 512K, 0% used [0x00000000eb100000,0x00000000eb100000,0x00000000eb180000)
 ParOldGen       total 208896K, used 183996K [0x00000000c0000000, 0x00000000ccc00000, 0x00000000eab00000)
  object space 208896K, 88% used [0x00000000c0000000,0x00000000cb3af2b0,0x00000000ccc00000)
 Metaspace       used 77197K, committed 78336K, reserved 1179648K
  class space    used 9297K, committed 9792K, reserved 1048576K
}
Event: 62.867 GC heap after
{Heap after GC invocations=399 (full 13):
 PSYoungGen      total 3584K, used 256K [0x00000000eab00000, 0x00000000eb200000, 0x0000000100000000)
  eden space 3072K, 0% used [0x00000000eab00000,0x00000000eab00000,0x00000000eae00000)
  from space 512K, 50% used [0x00000000eb100000,0x00000000eb140000,0x00000000eb180000)
  to   space 512K, 0% used [0x00000000eb180000,0x00000000eb180000,0x00000000eb200000)
 ParOldGen       total 208896K, used 184004K [0x00000000c0000000, 0x00000000ccc00000, 0x00000000eab00000)
  object space 208896K, 88% used [0x00000000c0000000,0x00000000cb3b12b0,0x00000000ccc00000)
 Metaspace       used 77197K, committed 78336K, reserved 1179648K
  class space    used 9297K, committed 9792K, reserved 1048576K
}
Event: 65.400 GC heap before
{Heap before GC invocations=400 (full 13):
 PSYoungGen      total 3584K, used 3328K [0x00000000eab00000, 0x00000000eb200000, 0x0000000100000000)
  eden space 3072K, 100% used [0x00000000eab00000,0x00000000eae00000,0x00000000eae00000)
  from space 512K, 50% used [0x00000000eb100000,0x00000000eb140000,0x00000000eb180000)
  to   space 512K, 0% used [0x00000000eb180000,0x00000000eb180000,0x00000000eb200000)
 ParOldGen       total 208896K, used 184004K [0x00000000c0000000, 0x00000000ccc00000, 0x00000000eab00000)
  object space 208896K, 88% used [0x00000000c0000000,0x00000000cb3b12b0,0x00000000ccc00000)
 Metaspace       used 77315K, committed 78400K, reserved 1179648K
  class space    used 9312K, committed 9792K, reserved 1048576K
}
Event: 65.402 GC heap after
{Heap after GC invocations=400 (full 13):
 PSYoungGen      total 3584K, used 352K [0x00000000eab00000, 0x00000000eb200000, 0x0000000100000000)
  eden space 3072K, 0% used [0x00000000eab00000,0x00000000eab00000,0x00000000eae00000)
  from space 512K, 68% used [0x00000000eb180000,0x00000000eb1d8000,0x00000000eb200000)
  to   space 512K, 0% used [0x00000000eb100000,0x00000000eb100000,0x00000000eb180000)
 ParOldGen       total 208896K, used 184012K [0x00000000c0000000, 0x00000000ccc00000, 0x00000000eab00000)
  object space 208896K, 88% used [0x00000000c0000000,0x00000000cb3b32b0,0x00000000ccc00000)
 Metaspace       used 77315K, committed 78400K, reserved 1179648K
  class space    used 9312K, committed 9792K, reserved 1048576K
}
Event: 66.437 GC heap before
{Heap before GC invocations=401 (full 13):
 PSYoungGen      total 3584K, used 3424K [0x00000000eab00000, 0x00000000eb200000, 0x0000000100000000)
  eden space 3072K, 100% used [0x00000000eab00000,0x00000000eae00000,0x00000000eae00000)
  from space 512K, 68% used [0x00000000eb180000,0x00000000eb1d8000,0x00000000eb200000)
  to   space 512K, 0% used [0x00000000eb100000,0x00000000eb100000,0x00000000eb180000)
 ParOldGen       total 208896K, used 184012K [0x00000000c0000000, 0x00000000ccc00000, 0x00000000eab00000)
  object space 208896K, 88% used [0x00000000c0000000,0x00000000cb3b32b0,0x00000000ccc00000)
 Metaspace       used 77398K, committed 78464K, reserved 1179648K
  class space    used 9319K, committed 9792K, reserved 1048576K
}
Event: 66.438 GC heap after
{Heap after GC invocations=401 (full 13):
 PSYoungGen      total 3584K, used 352K [0x00000000eab00000, 0x00000000eb200000, 0x0000000100000000)
  eden space 3072K, 0% used [0x00000000eab00000,0x00000000eab00000,0x00000000eae00000)
  from space 512K, 68% used [0x00000000eb100000,0x00000000eb158000,0x00000000eb180000)
  to   space 512K, 0% used [0x00000000eb180000,0x00000000eb180000,0x00000000eb200000)
 ParOldGen       total 208896K, used 184020K [0x00000000c0000000, 0x00000000ccc00000, 0x00000000eab00000)
  object space 208896K, 88% used [0x00000000c0000000,0x00000000cb3b52b0,0x00000000ccc00000)
 Metaspace       used 77398K, committed 78464K, reserved 1179648K
  class space    used 9319K, committed 9792K, reserved 1048576K
}

