# JRE version: OpenJDK Runtime Environment (17.0.11) (build 17.0.11+0--11852314)
# Java VM: OpenJDK 64-Bit Server VM (17.0.11+0--11852314, mixed mode, tiered, compressed oops, compressed class ptrs, g1 gc, windows-amd64)
GC Precious Log:
 CPUs: 8 total, 8 available
 Memory: 8029M
 Large Page Support: Disabled
 NUMA Support: Disabled
 Compressed Oops: Enabled (Zero based)
 Heap Region Size: 2M
 Heap Min Capacity: 8M
 Heap Initial Capacity: 126M
 Heap Max Capacity: 4G
 Pre-touch: Disabled
 Parallel Workers: 8
 Concurrent Workers: 2
 Concurrent Refinement Workers: 8
 Periodic GC: Disabled
Heap:
 garbage-first heap   total 96256K, used 52642K [0x0000000700000000, 0x0000000800000000)
  region size 2048K, 5 young (10240K), 2 survivors (4096K)
 Metaspace       used 69744K, committed 70336K, reserved 1114112K
  class space    used 9602K, committed 9856K, reserved 1048576K
GC Heap History (20 events):
Event: 9.018 GC heap before
{Heap before GC invocations=12 (full 0):
 garbage-first heap   total 75776K, used 55922K [0x0000000700000000, 0x0000000800000000)
  region size 2048K, 13 young (26624K), 2 survivors (4096K)
 Metaspace       used 49317K, committed 49856K, reserved 1114112K
  class space    used 6496K, committed 6720K, reserved 1048576K
}
Event: 9.022 GC heap after
{Heap after GC invocations=13 (full 0):
 garbage-first heap   total 75776K, used 37220K [0x0000000700000000, 0x0000000800000000)
  region size 2048K, 2 young (4096K), 2 survivors (4096K)
 Metaspace       used 49317K, committed 49856K, reserved 1114112K
  class space    used 6496K, committed 6720K, reserved 1048576K
}
Event: 9.598 GC heap before
{Heap before GC invocations=13 (full 0):
 garbage-first heap   total 75776K, used 57700K [0x0000000700000000, 0x0000000800000000)
  region size 2048K, 12 young (24576K), 2 survivors (4096K)
 Metaspace       used 51266K, committed 51840K, reserved 1114112K
  class space    used 6807K, committed 7040K, reserved 1048576K
}
Event: 9.602 GC heap after
{Heap after GC invocations=14 (full 0):
 garbage-first heap   total 75776K, used 38187K [0x0000000700000000, 0x0000000800000000)
  region size 2048K, 2 young (4096K), 2 survivors (4096K)
 Metaspace       used 51266K, committed 51840K, reserved 1114112K
  class space    used 6807K, committed 7040K, reserved 1048576K
}
Event: 10.243 GC heap before
{Heap before GC invocations=15 (full 0):
 garbage-first heap   total 75776K, used 58667K [0x0000000700000000, 0x0000000800000000)
  region size 2048K, 12 young (24576K), 2 survivors (4096K)
 Metaspace       used 54444K, committed 55104K, reserved 1114112K
  class space    used 7307K, committed 7616K, reserved 1048576K
}
Event: 10.246 GC heap after
{Heap after GC invocations=16 (full 0):
 garbage-first heap   total 75776K, used 39493K [0x0000000700000000, 0x0000000800000000)
  region size 2048K, 2 young (4096K), 2 survivors (4096K)
 Metaspace       used 54444K, committed 55104K, reserved 1114112K
  class space    used 7307K, committed 7616K, reserved 1048576K
}
Event: 10.669 GC heap before
{Heap before GC invocations=16 (full 0):
 garbage-first heap   total 75776K, used 57925K [0x0000000700000000, 0x0000000800000000)
  region size 2048K, 11 young (22528K), 2 survivors (4096K)
 Metaspace       used 56388K, committed 56960K, reserved 1114112K
  class space    used 7625K, committed 7872K, reserved 1048576K
}
Event: 10.672 GC heap after
{Heap after GC invocations=17 (full 0):
 garbage-first heap   total 75776K, used 40197K [0x0000000700000000, 0x0000000800000000)
  region size 2048K, 2 young (4096K), 2 survivors (4096K)
 Metaspace       used 56388K, committed 56960K, reserved 1114112K
  class space    used 7625K, committed 7872K, reserved 1048576K
}
Event: 11.078 GC heap before
{Heap before GC invocations=18 (full 0):
 garbage-first heap   total 75776K, used 58629K [0x0000000700000000, 0x0000000800000000)
  region size 2048K, 11 young (22528K), 2 survivors (4096K)
 Metaspace       used 58919K, committed 59520K, reserved 1114112K
  class space    used 7965K, committed 8256K, reserved 1048576K
}
Event: 11.082 GC heap after
{Heap after GC invocations=19 (full 0):
 garbage-first heap   total 75776K, used 40762K [0x0000000700000000, 0x0000000800000000)
  region size 2048K, 2 young (4096K), 2 survivors (4096K)
 Metaspace       used 58919K, committed 59520K, reserved 1114112K
  class space    used 7965K, committed 8256K, reserved 1048576K
}
Event: 11.513 GC heap before
{Heap before GC invocations=19 (full 0):
 garbage-first heap   total 75776K, used 59194K [0x0000000700000000, 0x0000000800000000)
  region size 2048K, 12 young (24576K), 2 survivors (4096K)
 Metaspace       used 61079K, committed 61696K, reserved 1114112K
  class space    used 8231K, committed 8512K, reserved 1048576K
}
Event: 11.517 GC heap after
{Heap after GC invocations=20 (full 0):
 garbage-first heap   total 75776K, used 42468K [0x0000000700000000, 0x0000000800000000)
  region size 2048K, 2 young (4096K), 2 survivors (4096K)
 Metaspace       used 61079K, committed 61696K, reserved 1114112K
  class space    used 8231K, committed 8512K, reserved 1048576K
}
Event: 11.932 GC heap before
{Heap before GC invocations=21 (full 0):
 garbage-first heap   total 79872K, used 58852K [0x0000000700000000, 0x0000000800000000)
  region size 2048K, 11 young (22528K), 2 survivors (4096K)
 Metaspace       used 63059K, committed 63616K, reserved 1114112K
  class space    used 8542K, committed 8768K, reserved 1048576K
}
Event: 11.938 GC heap after
{Heap after GC invocations=22 (full 0):
 garbage-first heap   total 79872K, used 43461K [0x0000000700000000, 0x0000000800000000)
  region size 2048K, 2 young (4096K), 2 survivors (4096K)
 Metaspace       used 63059K, committed 63616K, reserved 1114112K
  class space    used 8542K, committed 8768K, reserved 1048576K
}
Event: 12.607 GC heap before
{Heap before GC invocations=22 (full 0):
 garbage-first heap   total 79872K, used 63941K [0x0000000700000000, 0x0000000800000000)
  region size 2048K, 12 young (24576K), 2 survivors (4096K)
 Metaspace       used 65344K, committed 65920K, reserved 1114112K
  class space    used 8915K, committed 9152K, reserved 1048576K
}
Event: 12.612 GC heap after
{Heap after GC invocations=23 (full 0):
 garbage-first heap   total 96256K, used 44700K [0x0000000700000000, 0x0000000800000000)
  region size 2048K, 2 young (4096K), 2 survivors (4096K)
 Metaspace       used 65344K, committed 65920K, reserved 1114112K
  class space    used 8915K, committed 9152K, reserved 1048576K
}
Event: 13.591 GC heap before
{Heap before GC invocations=24 (full 0):
 garbage-first heap   total 96256K, used 77468K [0x0000000700000000, 0x0000000800000000)
  region size 2048K, 18 young (36864K), 2 survivors (4096K)
 Metaspace       used 68640K, committed 69312K, reserved 1114112K
  class space    used 9512K, committed 9792K, reserved 1048576K
}
Event: 13.595 GC heap after
{Heap after GC invocations=25 (full 0):
 garbage-first heap   total 96256K, used 46934K [0x0000000700000000, 0x0000000800000000)
  region size 2048K, 3 young (6144K), 3 survivors (6144K)
 Metaspace       used 68640K, committed 69312K, reserved 1114112K
  class space    used 9512K, committed 9792K, reserved 1048576K
}
Event: 14.518 GC heap before
{Heap before GC invocations=25 (full 0):
 garbage-first heap   total 96256K, used 75606K [0x0000000700000000, 0x0000000800000000)
  region size 2048K, 18 young (36864K), 3 survivors (6144K)
 Metaspace       used 69692K, committed 70336K, reserved 1114112K
  class space    used 9600K, committed 9856K, reserved 1048576K
}
Event: 14.523 GC heap after
{Heap after GC invocations=26 (full 0):
 garbage-first heap   total 96256K, used 48546K [0x0000000700000000, 0x0000000800000000)
  region size 2048K, 2 young (4096K), 2 survivors (4096K)
 Metaspace       used 69692K, committed 70336K, reserved 1114112K
  class space    used 9600K, committed 9856K, reserved 1048576K
}

