# JRE version: OpenJDK Runtime Environment Temurin-17.0.13+11 (17.0.13+11) (build 17.0.13+11)
# Java VM: OpenJDK 64-Bit Server VM Temurin-17.0.13+11 (17.0.13+11, mixed mode, tiered, compressed oops, compressed class ptrs, parallel gc, windows-amd64)
GC Precious Log:
 CPUs: 8 total, 8 available
 Memory: 8029M
 Large Page Support: Disabled
 NUMA Support: Disabled
 Compressed Oops: Enabled (32-bit)
 Alignments: Space 512K, Generation 512K, Heap 2M
 Heap Min Capacity: 100M
 Heap Initial Capacity: 100M
 Heap Max Capacity: 1G
 Pre-touch: Disabled
 Parallel Workers: 8
Heap:
 PSYoungGen      total 11776K, used 4931K [0x00000000eab00000, 0x00000000ebb00000, 0x0000000100000000)
  eden space 9728K, 33% used [0x00000000eab00000,0x00000000eae240d8,0x00000000eb480000)
  from space 2048K, 83% used [0x00000000eb480000,0x00000000eb62ce80,0x00000000eb680000)
  to   space 2560K, 0% used [0x00000000eb880000,0x00000000eb880000,0x00000000ebb00000)
 ParOldGen       total 92160K, used 83366K [0x00000000c0000000, 0x00000000c5a00000, 0x00000000eab00000)
  object space 92160K, 90% used [0x00000000c0000000,0x00000000c5169918,0x00000000c5a00000)
 Metaspace       used 76100K, committed 77312K, reserved 1179648K
  class space    used 9204K, committed 9728K, reserved 1048576K
GC Heap History (20 events):
Event: 17.501 GC heap before
{Heap before GC invocations=60 (full 4):
 PSYoungGen      total 19456K, used 15360K [0x00000000eab00000, 0x00000000ec200000, 0x0000000100000000)
  eden space 15360K, 100% used [0x00000000eab00000,0x00000000eba00000,0x00000000eba00000)
  from space 4096K, 0% used [0x00000000ebe00000,0x00000000ebe00000,0x00000000ec200000)
  to   space 4096K, 0% used [0x00000000eba00000,0x00000000eba00000,0x00000000ebe00000)
 ParOldGen       total 92160K, used 65097K [0x00000000c0000000, 0x00000000c5a00000, 0x00000000eab00000)
  object space 92160K, 70% used [0x00000000c0000000,0x00000000c3f92518,0x00000000c5a00000)
 Metaspace       used 74912K, committed 76032K, reserved 1179648K
  class space    used 9033K, committed 9536K, reserved 1048576K
}
Event: 17.503 GC heap after
{Heap after GC invocations=60 (full 4):
 PSYoungGen      total 17408K, used 2010K [0x00000000eab00000, 0x00000000ec000000, 0x0000000100000000)
  eden space 15360K, 0% used [0x00000000eab00000,0x00000000eab00000,0x00000000eba00000)
  from space 2048K, 98% used [0x00000000eba00000,0x00000000ebbf6a88,0x00000000ebc00000)
  to   space 3072K, 0% used [0x00000000ebd00000,0x00000000ebd00000,0x00000000ec000000)
 ParOldGen       total 92160K, used 65097K [0x00000000c0000000, 0x00000000c5a00000, 0x00000000eab00000)
  object space 92160K, 70% used [0x00000000c0000000,0x00000000c3f92518,0x00000000c5a00000)
 Metaspace       used 74912K, committed 76032K, reserved 1179648K
  class space    used 9033K, committed 9536K, reserved 1048576K
}
Event: 17.546 GC heap before
{Heap before GC invocations=61 (full 4):
 PSYoungGen      total 17408K, used 17370K [0x00000000eab00000, 0x00000000ec000000, 0x0000000100000000)
  eden space 15360K, 100% used [0x00000000eab00000,0x00000000eba00000,0x00000000eba00000)
  from space 2048K, 98% used [0x00000000eba00000,0x00000000ebbf6a88,0x00000000ebc00000)
  to   space 3072K, 0% used [0x00000000ebd00000,0x00000000ebd00000,0x00000000ec000000)
 ParOldGen       total 92160K, used 65097K [0x00000000c0000000, 0x00000000c5a00000, 0x00000000eab00000)
  object space 92160K, 70% used [0x00000000c0000000,0x00000000c3f92518,0x00000000c5a00000)
 Metaspace       used 74912K, committed 76032K, reserved 1179648K
  class space    used 9033K, committed 9536K, reserved 1048576K
}
Event: 17.547 GC heap after
{Heap after GC invocations=61 (full 4):
 PSYoungGen      total 17408K, used 1912K [0x00000000eab00000, 0x00000000ebf00000, 0x0000000100000000)
  eden space 15360K, 0% used [0x00000000eab00000,0x00000000eab00000,0x00000000eba00000)
  from space 2048K, 93% used [0x00000000ebd00000,0x00000000ebede388,0x00000000ebf00000)
  to   space 2560K, 0% used [0x00000000eba00000,0x00000000eba00000,0x00000000ebc80000)
 ParOldGen       total 92160K, used 66756K [0x00000000c0000000, 0x00000000c5a00000, 0x00000000eab00000)
  object space 92160K, 72% used [0x00000000c0000000,0x00000000c41310a8,0x00000000c5a00000)
 Metaspace       used 74912K, committed 76032K, reserved 1179648K
  class space    used 9033K, committed 9536K, reserved 1048576K
}
Event: 17.596 GC heap before
{Heap before GC invocations=62 (full 4):
 PSYoungGen      total 17408K, used 17272K [0x00000000eab00000, 0x00000000ebf00000, 0x0000000100000000)
  eden space 15360K, 100% used [0x00000000eab00000,0x00000000eba00000,0x00000000eba00000)
  from space 2048K, 93% used [0x00000000ebd00000,0x00000000ebede388,0x00000000ebf00000)
  to   space 2560K, 0% used [0x00000000eba00000,0x00000000eba00000,0x00000000ebc80000)
 ParOldGen       total 92160K, used 66756K [0x00000000c0000000, 0x00000000c5a00000, 0x00000000eab00000)
  object space 92160K, 72% used [0x00000000c0000000,0x00000000c41310a8,0x00000000c5a00000)
 Metaspace       used 74912K, committed 76032K, reserved 1179648K
  class space    used 9033K, committed 9536K, reserved 1048576K
}
Event: 17.598 GC heap after
{Heap after GC invocations=62 (full 4):
 PSYoungGen      total 17408K, used 1537K [0x00000000eab00000, 0x00000000ebe00000, 0x0000000100000000)
  eden space 15360K, 0% used [0x00000000eab00000,0x00000000eab00000,0x00000000eba00000)
  from space 2048K, 75% used [0x00000000eba00000,0x00000000ebb80640,0x00000000ebc00000)
  to   space 2048K, 0% used [0x00000000ebc00000,0x00000000ebc00000,0x00000000ebe00000)
 ParOldGen       total 92160K, used 68145K [0x00000000c0000000, 0x00000000c5a00000, 0x00000000eab00000)
  object space 92160K, 73% used [0x00000000c0000000,0x00000000c428c4e8,0x00000000c5a00000)
 Metaspace       used 74912K, committed 76032K, reserved 1179648K
  class space    used 9033K, committed 9536K, reserved 1048576K
}
Event: 17.651 GC heap before
{Heap before GC invocations=63 (full 4):
 PSYoungGen      total 17408K, used 16897K [0x00000000eab00000, 0x00000000ebe00000, 0x0000000100000000)
  eden space 15360K, 100% used [0x00000000eab00000,0x00000000eba00000,0x00000000eba00000)
  from space 2048K, 75% used [0x00000000eba00000,0x00000000ebb80640,0x00000000ebc00000)
  to   space 2048K, 0% used [0x00000000ebc00000,0x00000000ebc00000,0x00000000ebe00000)
 ParOldGen       total 92160K, used 68145K [0x00000000c0000000, 0x00000000c5a00000, 0x00000000eab00000)
  object space 92160K, 73% used [0x00000000c0000000,0x00000000c428c4e8,0x00000000c5a00000)
 Metaspace       used 75039K, committed 76160K, reserved 1179648K
  class space    used 9058K, committed 9536K, reserved 1048576K
}
Event: 17.654 GC heap after
{Heap after GC invocations=63 (full 4):
 PSYoungGen      total 16896K, used 2046K [0x00000000eab00000, 0x00000000ebf00000, 0x0000000100000000)
  eden space 14848K, 0% used [0x00000000eab00000,0x00000000eab00000,0x00000000eb980000)
  from space 2048K, 99% used [0x00000000ebc00000,0x00000000ebdffab8,0x00000000ebe00000)
  to   space 2560K, 0% used [0x00000000eb980000,0x00000000eb980000,0x00000000ebc00000)
 ParOldGen       total 92160K, used 69557K [0x00000000c0000000, 0x00000000c5a00000, 0x00000000eab00000)
  object space 92160K, 75% used [0x00000000c0000000,0x00000000c43ed5a0,0x00000000c5a00000)
 Metaspace       used 75039K, committed 76160K, reserved 1179648K
  class space    used 9058K, committed 9536K, reserved 1048576K
}
Event: 17.717 GC heap before
{Heap before GC invocations=64 (full 4):
 PSYoungGen      total 16896K, used 16894K [0x00000000eab00000, 0x00000000ebf00000, 0x0000000100000000)
  eden space 14848K, 100% used [0x00000000eab00000,0x00000000eb980000,0x00000000eb980000)
  from space 2048K, 99% used [0x00000000ebc00000,0x00000000ebdffab8,0x00000000ebe00000)
  to   space 2560K, 0% used [0x00000000eb980000,0x00000000eb980000,0x00000000ebc00000)
 ParOldGen       total 92160K, used 69557K [0x00000000c0000000, 0x00000000c5a00000, 0x00000000eab00000)
  object space 92160K, 75% used [0x00000000c0000000,0x00000000c43ed5a0,0x00000000c5a00000)
 Metaspace       used 75282K, committed 76416K, reserved 1179648K
  class space    used 9105K, committed 9600K, reserved 1048576K
}
Event: 17.719 GC heap after
{Heap after GC invocations=64 (full 4):
 PSYoungGen      total 17408K, used 2112K [0x00000000eab00000, 0x00000000ebe80000, 0x0000000100000000)
  eden space 14848K, 0% used [0x00000000eab00000,0x00000000eab00000,0x00000000eb980000)
  from space 2560K, 82% used [0x00000000eb980000,0x00000000ebb90000,0x00000000ebc00000)
  to   space 2560K, 0% used [0x00000000ebc00000,0x00000000ebc00000,0x00000000ebe80000)
 ParOldGen       total 92160K, used 71447K [0x00000000c0000000, 0x00000000c5a00000, 0x00000000eab00000)
  object space 92160K, 77% used [0x00000000c0000000,0x00000000c45c5e50,0x00000000c5a00000)
 Metaspace       used 75282K, committed 76416K, reserved 1179648K
  class space    used 9105K, committed 9600K, reserved 1048576K
}
Event: 17.862 GC heap before
{Heap before GC invocations=65 (full 4):
 PSYoungGen      total 17408K, used 16960K [0x00000000eab00000, 0x00000000ebe80000, 0x0000000100000000)
  eden space 14848K, 100% used [0x00000000eab00000,0x00000000eb980000,0x00000000eb980000)
  from space 2560K, 82% used [0x00000000eb980000,0x00000000ebb90000,0x00000000ebc00000)
  to   space 2560K, 0% used [0x00000000ebc00000,0x00000000ebc00000,0x00000000ebe80000)
 ParOldGen       total 92160K, used 71447K [0x00000000c0000000, 0x00000000c5a00000, 0x00000000eab00000)
  object space 92160K, 77% used [0x00000000c0000000,0x00000000c45c5e50,0x00000000c5a00000)
 Metaspace       used 75416K, committed 76544K, reserved 1179648K
  class space    used 9116K, committed 9600K, reserved 1048576K
}
Event: 17.866 GC heap after
{Heap after GC invocations=65 (full 4):
 PSYoungGen      total 13824K, used 2541K [0x00000000eab00000, 0x00000000ec580000, 0x0000000100000000)
  eden space 11264K, 0% used [0x00000000eab00000,0x00000000eab00000,0x00000000eb600000)
  from space 2560K, 99% used [0x00000000ebc00000,0x00000000ebe7b4e0,0x00000000ebe80000)
  to   space 6144K, 0% used [0x00000000eb600000,0x00000000eb600000,0x00000000ebc00000)
 ParOldGen       total 92160K, used 74087K [0x00000000c0000000, 0x00000000c5a00000, 0x00000000eab00000)
  object space 92160K, 80% used [0x00000000c0000000,0x00000000c4859dd8,0x00000000c5a00000)
 Metaspace       used 75416K, committed 76544K, reserved 1179648K
  class space    used 9116K, committed 9600K, reserved 1048576K
}
Event: 18.040 GC heap before
{Heap before GC invocations=66 (full 4):
 PSYoungGen      total 13824K, used 13805K [0x00000000eab00000, 0x00000000ec580000, 0x0000000100000000)
  eden space 11264K, 100% used [0x00000000eab00000,0x00000000eb600000,0x00000000eb600000)
  from space 2560K, 99% used [0x00000000ebc00000,0x00000000ebe7b4e0,0x00000000ebe80000)
  to   space 6144K, 0% used [0x00000000eb600000,0x00000000eb600000,0x00000000ebc00000)
 ParOldGen       total 92160K, used 74087K [0x00000000c0000000, 0x00000000c5a00000, 0x00000000eab00000)
  object space 92160K, 80% used [0x00000000c0000000,0x00000000c4859dd8,0x00000000c5a00000)
 Metaspace       used 75941K, committed 77120K, reserved 1179648K
  class space    used 9181K, committed 9664K, reserved 1048576K
}
Event: 18.045 GC heap after
{Heap after GC invocations=66 (full 4):
 PSYoungGen      total 12800K, used 1267K [0x00000000eab00000, 0x00000000ebc80000, 0x0000000100000000)
  eden space 11264K, 0% used [0x00000000eab00000,0x00000000eab00000,0x00000000eb600000)
  from space 1536K, 82% used [0x00000000eb600000,0x00000000eb73ce00,0x00000000eb780000)
  to   space 3072K, 0% used [0x00000000eb980000,0x00000000eb980000,0x00000000ebc80000)
 ParOldGen       total 92160K, used 76617K [0x00000000c0000000, 0x00000000c5a00000, 0x00000000eab00000)
  object space 92160K, 83% used [0x00000000c0000000,0x00000000c4ad25b8,0x00000000c5a00000)
 Metaspace       used 75941K, committed 77120K, reserved 1179648K
  class space    used 9181K, committed 9664K, reserved 1048576K
}
Event: 18.100 GC heap before
{Heap before GC invocations=67 (full 4):
 PSYoungGen      total 12800K, used 12531K [0x00000000eab00000, 0x00000000ebc80000, 0x0000000100000000)
  eden space 11264K, 100% used [0x00000000eab00000,0x00000000eb600000,0x00000000eb600000)
  from space 1536K, 82% used [0x00000000eb600000,0x00000000eb73ce00,0x00000000eb780000)
  to   space 3072K, 0% used [0x00000000eb980000,0x00000000eb980000,0x00000000ebc80000)
 ParOldGen       total 92160K, used 76617K [0x00000000c0000000, 0x00000000c5a00000, 0x00000000eab00000)
  object space 92160K, 83% used [0x00000000c0000000,0x00000000c4ad25b8,0x00000000c5a00000)
 Metaspace       used 76012K, committed 77120K, reserved 1179648K
  class space    used 9188K, committed 9664K, reserved 1048576K
}
Event: 18.103 GC heap after
{Heap after GC invocations=67 (full 4):
 PSYoungGen      total 13312K, used 1940K [0x00000000eab00000, 0x00000000ebb80000, 0x0000000100000000)
  eden space 11264K, 0% used [0x00000000eab00000,0x00000000eab00000,0x00000000eb600000)
  from space 2048K, 94% used [0x00000000eb980000,0x00000000ebb65080,0x00000000ebb80000)
  to   space 2560K, 0% used [0x00000000eb680000,0x00000000eb680000,0x00000000eb900000)
 ParOldGen       total 92160K, used 77780K [0x00000000c0000000, 0x00000000c5a00000, 0x00000000eab00000)
  object space 92160K, 84% used [0x00000000c0000000,0x00000000c4bf51e0,0x00000000c5a00000)
 Metaspace       used 76012K, committed 77120K, reserved 1179648K
  class space    used 9188K, committed 9664K, reserved 1048576K
}
Event: 18.158 GC heap before
{Heap before GC invocations=68 (full 4):
 PSYoungGen      total 13312K, used 13167K [0x00000000eab00000, 0x00000000ebb80000, 0x0000000100000000)
  eden space 11264K, 99% used [0x00000000eab00000,0x00000000eb5f6c18,0x00000000eb600000)
  from space 2048K, 94% used [0x00000000eb980000,0x00000000ebb65080,0x00000000ebb80000)
  to   space 2560K, 0% used [0x00000000eb680000,0x00000000eb680000,0x00000000eb900000)
 ParOldGen       total 92160K, used 77780K [0x00000000c0000000, 0x00000000c5a00000, 0x00000000eab00000)
  object space 92160K, 84% used [0x00000000c0000000,0x00000000c4bf51e0,0x00000000c5a00000)
 Metaspace       used 76012K, committed 77120K, reserved 1179648K
  class space    used 9188K, committed 9664K, reserved 1048576K
}
Event: 18.161 GC heap after
{Heap after GC invocations=68 (full 4):
 PSYoungGen      total 13824K, used 2097K [0x00000000eab00000, 0x00000000ebb00000, 0x0000000100000000)
  eden space 11264K, 0% used [0x00000000eab00000,0x00000000eab00000,0x00000000eb600000)
  from space 2560K, 81% used [0x00000000eb680000,0x00000000eb88c528,0x00000000eb900000)
  to   space 2048K, 0% used [0x00000000eb900000,0x00000000eb900000,0x00000000ebb00000)
 ParOldGen       total 92160K, used 79543K [0x00000000c0000000, 0x00000000c5a00000, 0x00000000eab00000)
  object space 92160K, 86% used [0x00000000c0000000,0x00000000c4dadf48,0x00000000c5a00000)
 Metaspace       used 76012K, committed 77120K, reserved 1179648K
  class space    used 9188K, committed 9664K, reserved 1048576K
}
Event: 18.223 GC heap before
{Heap before GC invocations=69 (full 4):
 PSYoungGen      total 13824K, used 13361K [0x00000000eab00000, 0x00000000ebb00000, 0x0000000100000000)
  eden space 11264K, 100% used [0x00000000eab00000,0x00000000eb600000,0x00000000eb600000)
  from space 2560K, 81% used [0x00000000eb680000,0x00000000eb88c528,0x00000000eb900000)
  to   space 2048K, 0% used [0x00000000eb900000,0x00000000eb900000,0x00000000ebb00000)
 ParOldGen       total 92160K, used 79543K [0x00000000c0000000, 0x00000000c5a00000, 0x00000000eab00000)
  object space 92160K, 86% used [0x00000000c0000000,0x00000000c4dadf48,0x00000000c5a00000)
 Metaspace       used 76012K, committed 77120K, reserved 1179648K
  class space    used 9188K, committed 9664K, reserved 1048576K
}
Event: 18.225 GC heap after
{Heap after GC invocations=69 (full 4):
 PSYoungGen      total 11776K, used 2033K [0x00000000eab00000, 0x00000000ebf00000, 0x0000000100000000)
  eden space 9728K, 0% used [0x00000000eab00000,0x00000000eab00000,0x00000000eb480000)
  from space 2048K, 99% used [0x00000000eb900000,0x00000000ebafc5a8,0x00000000ebb00000)
  to   space 4608K, 0% used [0x00000000eb480000,0x00000000eb480000,0x00000000eb900000)
 ParOldGen       total 92160K, used 81445K [0x00000000c0000000, 0x00000000c5a00000, 0x00000000eab00000)
  object space 92160K, 88% used [0x00000000c0000000,0x00000000c4f89400,0x00000000c5a00000)
 Metaspace       used 76012K, committed 77120K, reserved 1179648K
  class space    used 9188K, committed 9664K, reserved 1048576K
}

