# JRE version: OpenJDK Runtime Environment (17.0.11) (build 17.0.11+0--11852314)
# Java VM: OpenJDK 64-Bit Server VM (17.0.11+0--11852314, mixed mode, tiered, compressed oops, compressed class ptrs, g1 gc, windows-amd64)
GC Precious Log:
 CPUs: 8 total, 8 available
 Memory: 8029M
 Large Page Support: Disabled
 NUMA Support: Disabled
 Compressed Oops: Enabled (Zero based)
 Heap Region Size: 2M
 Heap Min Capacity: 8M
 Heap Initial Capacity: 126M
 Heap Max Capacity: 4G
 Pre-touch: Disabled
 Parallel Workers: 8
 Concurrent Workers: 2
 Concurrent Refinement Workers: 8
 Periodic GC: Disabled
Heap:
 garbage-first heap   total 116736K, used 65913K [0x0000000700000000, 0x0000000800000000)
  region size 2048K, 2 young (4096K), 1 survivors (2048K)
 Metaspace       used 72902K, committed 73536K, reserved 1114112K
  class space    used 10004K, committed 10304K, reserved 1048576K
GC Heap History (20 events):
Event: 14.395 GC heap before
{Heap before GC invocations=19 (full 0):
 garbage-first heap   total 75776K, used 58943K [0x0000000700000000, 0x0000000800000000)
  region size 2048K, 12 young (24576K), 2 survivors (4096K)
 Metaspace       used 61112K, committed 61696K, reserved 1114112K
  class space    used 8232K, committed 8512K, reserved 1048576K
}
Event: 14.404 GC heap after
{Heap after GC invocations=20 (full 0):
 garbage-first heap   total 75776K, used 42332K [0x0000000700000000, 0x0000000800000000)
  region size 2048K, 2 young (4096K), 2 survivors (4096K)
 Metaspace       used 61112K, committed 61696K, reserved 1114112K
  class space    used 8232K, committed 8512K, reserved 1048576K
}
Event: 15.813 GC heap before
{Heap before GC invocations=21 (full 0):
 garbage-first heap   total 79872K, used 60764K [0x0000000700000000, 0x0000000800000000)
  region size 2048K, 11 young (22528K), 2 survivors (4096K)
 Metaspace       used 63144K, committed 63744K, reserved 1114112K
  class space    used 8546K, committed 8768K, reserved 1048576K
}
Event: 15.818 GC heap after
{Heap after GC invocations=22 (full 0):
 garbage-first heap   total 79872K, used 43397K [0x0000000700000000, 0x0000000800000000)
  region size 2048K, 2 young (4096K), 2 survivors (4096K)
 Metaspace       used 63144K, committed 63744K, reserved 1114112K
  class space    used 8546K, committed 8768K, reserved 1048576K
}
Event: 17.486 GC heap before
{Heap before GC invocations=22 (full 0):
 garbage-first heap   total 79872K, used 63877K [0x0000000700000000, 0x0000000800000000)
  region size 2048K, 12 young (24576K), 2 survivors (4096K)
 Metaspace       used 65439K, committed 65984K, reserved 1114112K
  class space    used 8922K, committed 9152K, reserved 1048576K
}
Event: 17.494 GC heap after
{Heap after GC invocations=23 (full 0):
 garbage-first heap   total 79872K, used 44521K [0x0000000700000000, 0x0000000800000000)
  region size 2048K, 2 young (4096K), 2 survivors (4096K)
 Metaspace       used 65439K, committed 65984K, reserved 1114112K
  class space    used 8922K, committed 9152K, reserved 1048576K
}
Event: 19.028 GC heap before
{Heap before GC invocations=24 (full 0):
 garbage-first heap   total 81920K, used 65001K [0x0000000700000000, 0x0000000800000000)
  region size 2048K, 12 young (24576K), 2 survivors (4096K)
 Metaspace       used 67402K, committed 67968K, reserved 1114112K
  class space    used 9277K, committed 9536K, reserved 1048576K
}
Event: 19.033 GC heap after
{Heap after GC invocations=25 (full 0):
 garbage-first heap   total 81920K, used 45779K [0x0000000700000000, 0x0000000800000000)
  region size 2048K, 2 young (4096K), 2 survivors (4096K)
 Metaspace       used 67402K, committed 67968K, reserved 1114112K
  class space    used 9277K, committed 9536K, reserved 1048576K
}
Event: 21.043 GC heap before
{Heap before GC invocations=25 (full 0):
 garbage-first heap   total 81920K, used 64211K [0x0000000700000000, 0x0000000800000000)
  region size 2048K, 12 young (24576K), 2 survivors (4096K)
 Metaspace       used 68721K, committed 69312K, reserved 1114112K
  class space    used 9460K, committed 9728K, reserved 1048576K
}
Event: 21.051 GC heap after
{Heap after GC invocations=26 (full 0):
 garbage-first heap   total 81920K, used 48321K [0x0000000700000000, 0x0000000800000000)
  region size 2048K, 2 young (4096K), 2 survivors (4096K)
 Metaspace       used 68721K, committed 69312K, reserved 1114112K
  class space    used 9460K, committed 9728K, reserved 1048576K
}
Event: 23.159 GC heap before
{Heap before GC invocations=27 (full 0):
 garbage-first heap   total 90112K, used 62657K [0x0000000700000000, 0x0000000800000000)
  region size 2048K, 10 young (20480K), 2 survivors (4096K)
 Metaspace       used 68862K, committed 69440K, reserved 1114112K
  class space    used 9461K, committed 9728K, reserved 1048576K
}
Event: 23.167 GC heap after
{Heap after GC invocations=28 (full 0):
 garbage-first heap   total 90112K, used 48206K [0x0000000700000000, 0x0000000800000000)
  region size 2048K, 1 young (2048K), 1 survivors (2048K)
 Metaspace       used 68862K, committed 69440K, reserved 1114112K
  class space    used 9461K, committed 9728K, reserved 1048576K
}
Event: 23.591 GC heap before
{Heap before GC invocations=28 (full 0):
 garbage-first heap   total 90112K, used 52302K [0x0000000700000000, 0x0000000800000000)
  region size 2048K, 5 young (10240K), 1 survivors (2048K)
 Metaspace       used 68880K, committed 69440K, reserved 1114112K
  class space    used 9462K, committed 9728K, reserved 1048576K
}
Event: 23.593 GC heap after
{Heap after GC invocations=29 (full 0):
 garbage-first heap   total 90112K, used 54143K [0x0000000700000000, 0x0000000800000000)
  region size 2048K, 2 young (4096K), 2 survivors (4096K)
 Metaspace       used 68880K, committed 69440K, reserved 1114112K
  class space    used 9462K, committed 9728K, reserved 1048576K
}
Event: 23.958 GC heap before
{Heap before GC invocations=30 (full 0):
 garbage-first heap   total 102400K, used 58239K [0x0000000700000000, 0x0000000800000000)
  region size 2048K, 4 young (8192K), 2 survivors (4096K)
 Metaspace       used 68880K, committed 69440K, reserved 1114112K
  class space    used 9462K, committed 9728K, reserved 1048576K
}
Event: 23.965 GC heap after
{Heap after GC invocations=31 (full 0):
 garbage-first heap   total 102400K, used 60265K [0x0000000700000000, 0x0000000800000000)
  region size 2048K, 1 young (2048K), 1 survivors (2048K)
 Metaspace       used 68880K, committed 69440K, reserved 1114112K
  class space    used 9462K, committed 9728K, reserved 1048576K
}
Event: 24.921 GC heap before
{Heap before GC invocations=32 (full 0):
 garbage-first heap   total 110592K, used 74601K [0x0000000700000000, 0x0000000800000000)
  region size 2048K, 7 young (14336K), 1 survivors (2048K)
 Metaspace       used 69414K, committed 70080K, reserved 1114112K
  class space    used 9547K, committed 9856K, reserved 1048576K
}
Event: 24.924 GC heap after
{Heap after GC invocations=33 (full 0):
 garbage-first heap   total 110592K, used 64965K [0x0000000700000000, 0x0000000800000000)
  region size 2048K, 1 young (2048K), 1 survivors (2048K)
 Metaspace       used 69414K, committed 70080K, reserved 1114112K
  class space    used 9547K, committed 9856K, reserved 1048576K
}
Event: 25.318 GC heap before
{Heap before GC invocations=33 (full 0):
 garbage-first heap   total 110592K, used 79301K [0x0000000700000000, 0x0000000800000000)
  region size 2048K, 8 young (16384K), 1 survivors (2048K)
 Metaspace       used 71084K, committed 71744K, reserved 1114112K
  class space    used 9764K, committed 10048K, reserved 1048576K
}
Event: 25.321 GC heap after
{Heap after GC invocations=34 (full 0):
 garbage-first heap   total 110592K, used 65496K [0x0000000700000000, 0x0000000800000000)
  region size 2048K, 1 young (2048K), 1 survivors (2048K)
 Metaspace       used 71084K, committed 71744K, reserved 1114112K
  class space    used 9764K, committed 10048K, reserved 1048576K
}

