# JRE version: OpenJDK Runtime Environment Temurin-17.0.13+11 (17.0.13+11) (build 17.0.13+11)
# Java VM: OpenJDK 64-Bit Server VM Temurin-17.0.13+11 (17.0.13+11, mixed mode, tiered, compressed oops, compressed class ptrs, parallel gc, windows-amd64)
GC Precious Log:
 CPUs: 8 total, 8 available
 Memory: 8029M
 Large Page Support: Disabled
 NUMA Support: Disabled
 Compressed Oops: Enabled (32-bit)
 Alignments: Space 512K, Generation 512K, Heap 2M
 Heap Min Capacity: 100M
 Heap Initial Capacity: 100M
 Heap Max Capacity: 1G
 Pre-touch: Disabled
 Parallel Workers: 8
Heap:
 PSYoungGen      total 13312K, used 2608K [0x00000000eab00000, 0x00000000eba00000, 0x0000000100000000)
  eden space 11264K, 5% used [0x00000000eab00000,0x00000000eaba88e8,0x00000000eb600000)
  from space 2048K, 94% used [0x00000000eb600000,0x00000000eb7e3a38,0x00000000eb800000)
  to   space 2048K, 0% used [0x00000000eb800000,0x00000000eb800000,0x00000000eba00000)
 ParOldGen       total 111104K, used 105528K [0x00000000c0000000, 0x00000000c6c80000, 0x00000000eab00000)
  object space 111104K, 94% used [0x00000000c0000000,0x00000000c670e1f8,0x00000000c6c80000)
 Metaspace       used 80167K, committed 81280K, reserved 1179648K
  class space    used 9724K, committed 10176K, reserved 1048576K
GC Heap History (20 events):
Event: 24.910 GC heap before
{Heap before GC invocations=79 (full 5):
 PSYoungGen      total 12800K, used 12774K [0x00000000eab00000, 0x00000000ebc00000, 0x0000000100000000)
  eden space 11264K, 99% used [0x00000000eab00000,0x00000000eb5ffff8,0x00000000eb600000)
  from space 1536K, 98% used [0x00000000eb600000,0x00000000eb779a78,0x00000000eb780000)
  to   space 3072K, 0% used [0x00000000eb900000,0x00000000eb900000,0x00000000ebc00000)
 ParOldGen       total 111104K, used 89253K [0x00000000c0000000, 0x00000000c6c80000, 0x00000000eab00000)
  object space 111104K, 80% used [0x00000000c0000000,0x00000000c57296f0,0x00000000c6c80000)
 Metaspace       used 79548K, committed 80640K, reserved 1179648K
  class space    used 9654K, committed 10112K, reserved 1048576K
}
Event: 24.912 GC heap after
{Heap after GC invocations=79 (full 5):
 PSYoungGen      total 13312K, used 1686K [0x00000000eab00000, 0x00000000ebb00000, 0x0000000100000000)
  eden space 11264K, 0% used [0x00000000eab00000,0x00000000eab00000,0x00000000eb600000)
  from space 2048K, 82% used [0x00000000eb900000,0x00000000ebaa58e0,0x00000000ebb00000)
  to   space 2560K, 0% used [0x00000000eb600000,0x00000000eb600000,0x00000000eb880000)
 ParOldGen       total 111104K, used 90669K [0x00000000c0000000, 0x00000000c6c80000, 0x00000000eab00000)
  object space 111104K, 81% used [0x00000000c0000000,0x00000000c588b528,0x00000000c6c80000)
 Metaspace       used 79548K, committed 80640K, reserved 1179648K
  class space    used 9654K, committed 10112K, reserved 1048576K
}
Event: 25.230 GC heap before
{Heap before GC invocations=80 (full 5):
 PSYoungGen      total 13312K, used 12950K [0x00000000eab00000, 0x00000000ebb00000, 0x0000000100000000)
  eden space 11264K, 100% used [0x00000000eab00000,0x00000000eb600000,0x00000000eb600000)
  from space 2048K, 82% used [0x00000000eb900000,0x00000000ebaa58e0,0x00000000ebb00000)
  to   space 2560K, 0% used [0x00000000eb600000,0x00000000eb600000,0x00000000eb880000)
 ParOldGen       total 111104K, used 90669K [0x00000000c0000000, 0x00000000c6c80000, 0x00000000eab00000)
  object space 111104K, 81% used [0x00000000c0000000,0x00000000c588b528,0x00000000c6c80000)
 Metaspace       used 80028K, committed 81152K, reserved 1179648K
  class space    used 9710K, committed 10176K, reserved 1048576K
}
Event: 25.233 GC heap after
{Heap after GC invocations=80 (full 5):
 PSYoungGen      total 12800K, used 1390K [0x00000000eab00000, 0x00000000eba00000, 0x0000000100000000)
  eden space 11264K, 0% used [0x00000000eab00000,0x00000000eab00000,0x00000000eb600000)
  from space 1536K, 90% used [0x00000000eb600000,0x00000000eb75b890,0x00000000eb780000)
  to   space 2048K, 0% used [0x00000000eb800000,0x00000000eb800000,0x00000000eba00000)
 ParOldGen       total 111104K, used 92190K [0x00000000c0000000, 0x00000000c6c80000, 0x00000000eab00000)
  object space 111104K, 82% used [0x00000000c0000000,0x00000000c5a07af0,0x00000000c6c80000)
 Metaspace       used 80028K, committed 81152K, reserved 1179648K
  class space    used 9710K, committed 10176K, reserved 1048576K
}
Event: 25.364 GC heap before
{Heap before GC invocations=81 (full 5):
 PSYoungGen      total 12800K, used 12654K [0x00000000eab00000, 0x00000000eba00000, 0x0000000100000000)
  eden space 11264K, 100% used [0x00000000eab00000,0x00000000eb600000,0x00000000eb600000)
  from space 1536K, 90% used [0x00000000eb600000,0x00000000eb75b890,0x00000000eb780000)
  to   space 2048K, 0% used [0x00000000eb800000,0x00000000eb800000,0x00000000eba00000)
 ParOldGen       total 111104K, used 92190K [0x00000000c0000000, 0x00000000c6c80000, 0x00000000eab00000)
  object space 111104K, 82% used [0x00000000c0000000,0x00000000c5a07af0,0x00000000c6c80000)
 Metaspace       used 80163K, committed 81280K, reserved 1179648K
  class space    used 9724K, committed 10176K, reserved 1048576K
}
Event: 25.365 GC heap after
{Heap after GC invocations=81 (full 5):
 PSYoungGen      total 13312K, used 1728K [0x00000000eab00000, 0x00000000eba00000, 0x0000000100000000)
  eden space 11264K, 0% used [0x00000000eab00000,0x00000000eab00000,0x00000000eb600000)
  from space 2048K, 84% used [0x00000000eb800000,0x00000000eb9b0000,0x00000000eba00000)
  to   space 2048K, 0% used [0x00000000eb600000,0x00000000eb600000,0x00000000eb800000)
 ParOldGen       total 111104K, used 93422K [0x00000000c0000000, 0x00000000c6c80000, 0x00000000eab00000)
  object space 111104K, 84% used [0x00000000c0000000,0x00000000c5b3b970,0x00000000c6c80000)
 Metaspace       used 80163K, committed 81280K, reserved 1179648K
  class space    used 9724K, committed 10176K, reserved 1048576K
}
Event: 25.412 GC heap before
{Heap before GC invocations=82 (full 5):
 PSYoungGen      total 13312K, used 12992K [0x00000000eab00000, 0x00000000eba00000, 0x0000000100000000)
  eden space 11264K, 100% used [0x00000000eab00000,0x00000000eb600000,0x00000000eb600000)
  from space 2048K, 84% used [0x00000000eb800000,0x00000000eb9b0000,0x00000000eba00000)
  to   space 2048K, 0% used [0x00000000eb600000,0x00000000eb600000,0x00000000eb800000)
 ParOldGen       total 111104K, used 93422K [0x00000000c0000000, 0x00000000c6c80000, 0x00000000eab00000)
  object space 111104K, 84% used [0x00000000c0000000,0x00000000c5b3b970,0x00000000c6c80000)
 Metaspace       used 80163K, committed 81280K, reserved 1179648K
  class space    used 9724K, committed 10176K, reserved 1048576K
}
Event: 25.415 GC heap after
{Heap after GC invocations=82 (full 5):
 PSYoungGen      total 13312K, used 1843K [0x00000000eab00000, 0x00000000eba00000, 0x0000000100000000)
  eden space 11264K, 0% used [0x00000000eab00000,0x00000000eab00000,0x00000000eb600000)
  from space 2048K, 90% used [0x00000000eb600000,0x00000000eb7ccfc0,0x00000000eb800000)
  to   space 2048K, 0% used [0x00000000eb800000,0x00000000eb800000,0x00000000eba00000)
 ParOldGen       total 111104K, used 94998K [0x00000000c0000000, 0x00000000c6c80000, 0x00000000eab00000)
  object space 111104K, 85% used [0x00000000c0000000,0x00000000c5cc5a98,0x00000000c6c80000)
 Metaspace       used 80163K, committed 81280K, reserved 1179648K
  class space    used 9724K, committed 10176K, reserved 1048576K
}
Event: 25.468 GC heap before
{Heap before GC invocations=83 (full 5):
 PSYoungGen      total 13312K, used 13107K [0x00000000eab00000, 0x00000000eba00000, 0x0000000100000000)
  eden space 11264K, 100% used [0x00000000eab00000,0x00000000eb600000,0x00000000eb600000)
  from space 2048K, 90% used [0x00000000eb600000,0x00000000eb7ccfc0,0x00000000eb800000)
  to   space 2048K, 0% used [0x00000000eb800000,0x00000000eb800000,0x00000000eba00000)
 ParOldGen       total 111104K, used 94998K [0x00000000c0000000, 0x00000000c6c80000, 0x00000000eab00000)
  object space 111104K, 85% used [0x00000000c0000000,0x00000000c5cc5a98,0x00000000c6c80000)
 Metaspace       used 80163K, committed 81280K, reserved 1179648K
  class space    used 9724K, committed 10176K, reserved 1048576K
}
Event: 25.469 GC heap after
{Heap after GC invocations=83 (full 5):
 PSYoungGen      total 13312K, used 1869K [0x00000000eab00000, 0x00000000eba00000, 0x0000000100000000)
  eden space 11264K, 0% used [0x00000000eab00000,0x00000000eab00000,0x00000000eb600000)
  from space 2048K, 91% used [0x00000000eb800000,0x00000000eb9d3790,0x00000000eba00000)
  to   space 2048K, 0% used [0x00000000eb600000,0x00000000eb600000,0x00000000eb800000)
 ParOldGen       total 111104K, used 96708K [0x00000000c0000000, 0x00000000c6c80000, 0x00000000eab00000)
  object space 111104K, 87% used [0x00000000c0000000,0x00000000c5e71178,0x00000000c6c80000)
 Metaspace       used 80163K, committed 81280K, reserved 1179648K
  class space    used 9724K, committed 10176K, reserved 1048576K
}
Event: 25.668 GC heap before
{Heap before GC invocations=84 (full 5):
 PSYoungGen      total 13312K, used 13133K [0x00000000eab00000, 0x00000000eba00000, 0x0000000100000000)
  eden space 11264K, 100% used [0x00000000eab00000,0x00000000eb600000,0x00000000eb600000)
  from space 2048K, 91% used [0x00000000eb800000,0x00000000eb9d3790,0x00000000eba00000)
  to   space 2048K, 0% used [0x00000000eb600000,0x00000000eb600000,0x00000000eb800000)
 ParOldGen       total 111104K, used 96708K [0x00000000c0000000, 0x00000000c6c80000, 0x00000000eab00000)
  object space 111104K, 87% used [0x00000000c0000000,0x00000000c5e71178,0x00000000c6c80000)
 Metaspace       used 80163K, committed 81280K, reserved 1179648K
  class space    used 9724K, committed 10176K, reserved 1048576K
}
Event: 25.670 GC heap after
{Heap after GC invocations=84 (full 5):
 PSYoungGen      total 13312K, used 1852K [0x00000000eab00000, 0x00000000eba00000, 0x0000000100000000)
  eden space 11264K, 0% used [0x00000000eab00000,0x00000000eab00000,0x00000000eb600000)
  from space 2048K, 90% used [0x00000000eb600000,0x00000000eb7cf1f8,0x00000000eb800000)
  to   space 2048K, 0% used [0x00000000eb800000,0x00000000eb800000,0x00000000eba00000)
 ParOldGen       total 111104K, used 98465K [0x00000000c0000000, 0x00000000c6c80000, 0x00000000eab00000)
  object space 111104K, 88% used [0x00000000c0000000,0x00000000c6028628,0x00000000c6c80000)
 Metaspace       used 80163K, committed 81280K, reserved 1179648K
  class space    used 9724K, committed 10176K, reserved 1048576K
}
Event: 26.308 GC heap before
{Heap before GC invocations=85 (full 5):
 PSYoungGen      total 13312K, used 13116K [0x00000000eab00000, 0x00000000eba00000, 0x0000000100000000)
  eden space 11264K, 100% used [0x00000000eab00000,0x00000000eb600000,0x00000000eb600000)
  from space 2048K, 90% used [0x00000000eb600000,0x00000000eb7cf1f8,0x00000000eb800000)
  to   space 2048K, 0% used [0x00000000eb800000,0x00000000eb800000,0x00000000eba00000)
 ParOldGen       total 111104K, used 98465K [0x00000000c0000000, 0x00000000c6c80000, 0x00000000eab00000)
  object space 111104K, 88% used [0x00000000c0000000,0x00000000c6028628,0x00000000c6c80000)
 Metaspace       used 80163K, committed 81280K, reserved 1179648K
  class space    used 9724K, committed 10176K, reserved 1048576K
}
Event: 26.310 GC heap after
{Heap after GC invocations=85 (full 5):
 PSYoungGen      total 13312K, used 1893K [0x00000000eab00000, 0x00000000eba00000, 0x0000000100000000)
  eden space 11264K, 0% used [0x00000000eab00000,0x00000000eab00000,0x00000000eb600000)
  from space 2048K, 92% used [0x00000000eb800000,0x00000000eb9d96e8,0x00000000eba00000)
  to   space 2048K, 0% used [0x00000000eb600000,0x00000000eb600000,0x00000000eb800000)
 ParOldGen       total 111104K, used 100162K [0x00000000c0000000, 0x00000000c6c80000, 0x00000000eab00000)
  object space 111104K, 90% used [0x00000000c0000000,0x00000000c61d0bc8,0x00000000c6c80000)
 Metaspace       used 80163K, committed 81280K, reserved 1179648K
  class space    used 9724K, committed 10176K, reserved 1048576K
}
Event: 26.901 GC heap before
{Heap before GC invocations=86 (full 5):
 PSYoungGen      total 13312K, used 13157K [0x00000000eab00000, 0x00000000eba00000, 0x0000000100000000)
  eden space 11264K, 100% used [0x00000000eab00000,0x00000000eb600000,0x00000000eb600000)
  from space 2048K, 92% used [0x00000000eb800000,0x00000000eb9d96e8,0x00000000eba00000)
  to   space 2048K, 0% used [0x00000000eb600000,0x00000000eb600000,0x00000000eb800000)
 ParOldGen       total 111104K, used 100162K [0x00000000c0000000, 0x00000000c6c80000, 0x00000000eab00000)
  object space 111104K, 90% used [0x00000000c0000000,0x00000000c61d0bc8,0x00000000c6c80000)
 Metaspace       used 80165K, committed 81280K, reserved 1179648K
  class space    used 9724K, committed 10176K, reserved 1048576K
}
Event: 26.903 GC heap after
{Heap after GC invocations=86 (full 5):
 PSYoungGen      total 13312K, used 1952K [0x00000000eab00000, 0x00000000eba00000, 0x0000000100000000)
  eden space 11264K, 0% used [0x00000000eab00000,0x00000000eab00000,0x00000000eb600000)
  from space 2048K, 95% used [0x00000000eb600000,0x00000000eb7e82c8,0x00000000eb800000)
  to   space 2048K, 0% used [0x00000000eb800000,0x00000000eb800000,0x00000000eba00000)
 ParOldGen       total 111104K, used 101893K [0x00000000c0000000, 0x00000000c6c80000, 0x00000000eab00000)
  object space 111104K, 91% used [0x00000000c0000000,0x00000000c6381750,0x00000000c6c80000)
 Metaspace       used 80165K, committed 81280K, reserved 1179648K
  class space    used 9724K, committed 10176K, reserved 1048576K
}
Event: 27.146 GC heap before
{Heap before GC invocations=87 (full 5):
 PSYoungGen      total 13312K, used 13216K [0x00000000eab00000, 0x00000000eba00000, 0x0000000100000000)
  eden space 11264K, 100% used [0x00000000eab00000,0x00000000eb600000,0x00000000eb600000)
  from space 2048K, 95% used [0x00000000eb600000,0x00000000eb7e82c8,0x00000000eb800000)
  to   space 2048K, 0% used [0x00000000eb800000,0x00000000eb800000,0x00000000eba00000)
 ParOldGen       total 111104K, used 101893K [0x00000000c0000000, 0x00000000c6c80000, 0x00000000eab00000)
  object space 111104K, 91% used [0x00000000c0000000,0x00000000c6381750,0x00000000c6c80000)
 Metaspace       used 80166K, committed 81280K, reserved 1179648K
  class space    used 9724K, committed 10176K, reserved 1048576K
}
Event: 27.151 GC heap after
{Heap after GC invocations=87 (full 5):
 PSYoungGen      total 13312K, used 1957K [0x00000000eab00000, 0x00000000eba00000, 0x0000000100000000)
  eden space 11264K, 0% used [0x00000000eab00000,0x00000000eab00000,0x00000000eb600000)
  from space 2048K, 95% used [0x00000000eb800000,0x00000000eb9e95c0,0x00000000eba00000)
  to   space 2048K, 0% used [0x00000000eb600000,0x00000000eb600000,0x00000000eb800000)
 ParOldGen       total 111104K, used 103694K [0x00000000c0000000, 0x00000000c6c80000, 0x00000000eab00000)
  object space 111104K, 93% used [0x00000000c0000000,0x00000000c65438c0,0x00000000c6c80000)
 Metaspace       used 80166K, committed 81280K, reserved 1179648K
  class space    used 9724K, committed 10176K, reserved 1048576K
}
Event: 27.681 GC heap before
{Heap before GC invocations=88 (full 5):
 PSYoungGen      total 13312K, used 13221K [0x00000000eab00000, 0x00000000eba00000, 0x0000000100000000)
  eden space 11264K, 100% used [0x00000000eab00000,0x00000000eb600000,0x00000000eb600000)
  from space 2048K, 95% used [0x00000000eb800000,0x00000000eb9e95c0,0x00000000eba00000)
  to   space 2048K, 0% used [0x00000000eb600000,0x00000000eb600000,0x00000000eb800000)
 ParOldGen       total 111104K, used 103694K [0x00000000c0000000, 0x00000000c6c80000, 0x00000000eab00000)
  object space 111104K, 93% used [0x00000000c0000000,0x00000000c65438c0,0x00000000c6c80000)
 Metaspace       used 80167K, committed 81280K, reserved 1179648K
  class space    used 9724K, committed 10176K, reserved 1048576K
}
Event: 27.685 GC heap after
{Heap after GC invocations=88 (full 5):
 PSYoungGen      total 13312K, used 1934K [0x00000000eab00000, 0x00000000eba00000, 0x0000000100000000)
  eden space 11264K, 0% used [0x00000000eab00000,0x00000000eab00000,0x00000000eb600000)
  from space 2048K, 94% used [0x00000000eb600000,0x00000000eb7e3a38,0x00000000eb800000)
  to   space 2048K, 0% used [0x00000000eb800000,0x00000000eb800000,0x00000000eba00000)
 ParOldGen       total 111104K, used 105528K [0x00000000c0000000, 0x00000000c6c80000, 0x00000000eab00000)
  object space 111104K, 94% used [0x00000000c0000000,0x00000000c670e1f8,0x00000000c6c80000)
 Metaspace       used 80167K, committed 81280K, reserved 1179648K
  class space    used 9724K, committed 10176K, reserved 1048576K
}

